<?xml version="1.0" encoding="UTF-8" standalone="yes"?>
<testsuites>
  <testsuite name="basic-and-basic-selenium" tests="128" failures="1" timestamp="2024-06-27T08:43:18.231Z" skipped="1" failure-evaluating="1">
    <testcase name="Applitools multiple environments" classname="testim.io.test" time="0">
      <system-out>https://app.testim.io/#/project/Testim_30d7f51f-0313-36a3-5ade-409933907fe8/branch/master/test/0Vg2FCsVw5YIaVq7?result-id=9ixzc8r9Y3KPBeI1</system-out>
      <skipped/>
    </testcase>
    <testcase name="autoscroll without visibility check" classname="testim.io.test" time="4.797" ownedBy="Moshe Atlow" ownerEmail="moshe@testim.io">
      <system-out>https://app.testim.io/#/project/Testim_30d7f51f-0313-36a3-5ade-409933907fe8/branch/master/test/1390eaYmmJ4AMUl?result-id=gf1sEQc5dua2XI7S</system-out>
    </testcase>
    <testcase name="bad ssl" classname="testim.io.test" time="4.934" ownedBy="Ron Korland" ownerEmail="ron@testim.io">
      <system-out>https://app.testim.io/#/project/Testim_30d7f51f-0313-36a3-5ade-409933907fe8/branch/master/test/1390ewI5FjrYmCM?result-id=IpJud00hWKZa1oiS</system-out>
    </testcase>
    <testcase name="Applitools SVG element" classname="testim.io.test" time="10.199" ownedBy="Chemi Atlow" ownerEmail="chemi@testim.io">
      <system-out>https://app.testim.io/#/project/Testim_30d7f51f-0313-36a3-5ade-409933907fe8/branch/master/test/qTb6nituzYlIokoD?result-id=GI5aU5MxggGfJyzq</system-out>
    </testcase>
    <testcase name="Blocking browser APIs" classname="testim.io.test" time="6.615" ownedBy="Omri Luzon" ownerEmail="o.luzon@tricentis.com">
      <system-out>https://app.testim.io/#/project/Testim_30d7f51f-0313-36a3-5ade-409933907fe8/branch/master/test/1NRi5SkdaFwE2xGo?result-id=HgDiBFLZch2YrGq8</system-out>
    </testcase>
    <testcase name="Basic Network Code Validation" classname="testim.io.test" time="8.366" ownedBy="Nitzan Uziely" ownerEmail="nitzan@testim.io">
      <system-out>https://app.testim.io/#/project/Testim_30d7f51f-0313-36a3-5ade-409933907fe8/branch/master/test/1390e9tN5eyzlxY?result-id=IOXBT4Dxkyys92Bo</system-out>
    </testcase>
    <testcase name="Check visibility - nested frames with paddings" classname="testim.io.test" time="5.559" ownedBy="Miki Lallouz" ownerEmail="miki@testim.io">
      <system-out>https://app.testim.io/#/project/Testim_30d7f51f-0313-36a3-5ade-409933907fe8/branch/master/test/1390e4VBz1JSICO?result-id=PuXB5oQZlg9CIabf</system-out>
    </testcase>
    <testcase name="change element" classname="testim.io.test" time="4.681" ownedBy="Ilan Tchernowitz" ownerEmail="ilan@testim.io">
      <system-out>https://app.testim.io/#/project/Testim_30d7f51f-0313-36a3-5ade-409933907fe8/branch/master/test/1390e57033054-19e6-ddda-b066-f69cc07b1811?result-id=7B71mhspxGttVYC3</system-out>
    </testcase>
    <testcase name="Applitools with nested iframes" classname="testim.io.test" time="24.1" ownedBy="Omri Luzon" ownerEmail="o.luzon@tricentis.com">
      <system-out>https://app.testim.io/#/project/Testim_30d7f51f-0313-36a3-5ade-409933907fe8/branch/master/test/HOHzvp6b4Jl6mqm7?result-id=pOjhIgFUwewvHNhQ</system-out>
    </testcase>
    <testcase name="Check visibility - should fail" classname="testim.io.test" time="13.221" ownedBy="Miki Lallouz" ownerEmail="miki@testim.io">
      <system-out>https://app.testim.io/#/project/Testim_30d7f51f-0313-36a3-5ade-409933907fe8/branch/master/test/1390ezvyQejSQVA?result-id=gKJr3tRwE03OQjNv</system-out>
    </testcase>
    <testcase name="Check visibility - should pass" classname="testim.io.test" time="7.631" ownedBy="Miki Lallouz" ownerEmail="miki@testim.io">
      <system-out>https://app.testim.io/#/project/Testim_30d7f51f-0313-36a3-5ade-409933907fe8/branch/master/test/1390eFkX3xCZwr4?result-id=mED349rPdfpW3fWk</system-out>
    </testcase>
    <testcase name="check that draftjs is working" classname="testim.io.test" time="11.358" ownedBy="Nitzan Uziely" ownerEmail="nitzan@testim.io">
      <system-out>https://app.testim.io/#/project/Testim_30d7f51f-0313-36a3-5ade-409933907fe8/branch/master/test/1390eO0HQJngg6N?result-id=2RM2m5kWPuEVvx9s</system-out>
    </testcase>
    <testcase name="click on button with div inside" classname="testim.io.test" time="9.465" ownedBy="Ilan Tchernowitz" ownerEmail="ilan@testim.io">
      <system-out>https://app.testim.io/#/project/Testim_30d7f51f-0313-36a3-5ade-409933907fe8/branch/master/test/1390e33096b06-6867-4518-8c27-14b8c0fb35cf?result-id=4iR8o8CHYPgh7vGA</system-out>
    </testcase>
    <testcase name="click on button with div inside" classname="testim.io.test" time="12.958" ownedBy="Ilan Tchernowitz" ownerEmail="ilan@testim.io">
      <system-out>https://app.testim.io/#/project/Testim_30d7f51f-0313-36a3-5ade-409933907fe8/branch/master/test/1390e4217928a-5671-3b41-ab3a-8772c6c1883c?result-id=cQ2nCyDlzdF3SMoq</system-out>
    </testcase>
    <testcase name="click on svg" classname="testim.io.test" time="8.752" ownedBy="Ilan Tchernowitz" ownerEmail="ilan@testim.io">
      <system-out>https://app.testim.io/#/project/Testim_30d7f51f-0313-36a3-5ade-409933907fe8/branch/master/test/1390ea3c7fb7d-73f1-cef4-cb40-ba29023ced3d?result-id=JcXXkuVM2qxZC9oa</system-out>
    </testcase>
    <testcase name="context loop" classname="testim.io.test" time="9.541" ownedBy="Ilan Tchernowitz" ownerEmail="ilan@testim.io">
      <system-out>https://app.testim.io/#/project/Testim_30d7f51f-0313-36a3-5ade-409933907fe8/branch/master/test/1390eYKngB9mke7?result-id=pLBThMnG8w8X36Yv</system-out>
    </testcase>
    <testcase name="Coverage 104 - Shadow DOM - Old recording" classname="testim.io.test" time="8.412" ownedBy="Moshe Atlow" ownerEmail="moshe@testim.io">
      <system-out>https://app.testim.io/#/project/Testim_30d7f51f-0313-36a3-5ade-409933907fe8/branch/master/test/1390eDg2uoAjsCo?result-id=ngI5JFDMrt8WcT3e</system-out>
    </testcase>
    <testcase name="change element" classname="testim.io.test" time="14.536">
      <system-out>https://app.testim.io/#/project/Testim_30d7f51f-0313-36a3-5ade-409933907fe8/branch/master/test/1390eded508a1-f87c-afa7-681e-21376c47f9a5?result-id=mAMwwVI7rWFQDBEW</system-out>
    </testcase>
    <testcase name="Coverage 111 - Validate document scroll" classname="testim.io.test" time="10.536" ownedBy="Ilan Tchernowitz" ownerEmail="ilan@testim.io">
      <system-out>https://app.testim.io/#/project/Testim_30d7f51f-0313-36a3-5ade-409933907fe8/branch/master/test/1390eOwGUYFfx8h?result-id=IJZaF8vtnHIXi23j</system-out>
    </testcase>
    <testcase name="Coverage 115 - native click with iframes" classname="testim.io.test" time="6.945" ownedBy="Nitzan Uziely" ownerEmail="nitzan@testim.io">
      <system-out>https://app.testim.io/#/project/Testim_30d7f51f-0313-36a3-5ade-409933907fe8/branch/master/test/1390eIqP7dhh1Vm?result-id=1NsH6wsDDFYhf6gD</system-out>
    </testcase>
    <testcase name="click on svg" classname="testim.io.test" time="12.943" ownedBy="Ilan Tchernowitz" ownerEmail="ilan@testim.io">
      <system-out>https://app.testim.io/#/project/Testim_30d7f51f-0313-36a3-5ade-409933907fe8/branch/master/test/1390e48995127-858d-e25b-85f8-e299d66b2f3e?result-id=vXXZYQpR9JFRDtmQ</system-out>
    </testcase>
    <testcase name="Coverage 114 - drop file with webkitgetasentry logic" classname="testim.io.test" time="10.117" ownedBy="Ilan Tchernowitz" ownerEmail="ilan@testim.io">
      <system-out>https://app.testim.io/#/project/Testim_30d7f51f-0313-36a3-5ade-409933907fe8/branch/master/test/1390eygKLumzeB3?result-id=ZIxiZsSwA5OAuoix</system-out>
    </testcase>
    <testcase name="document pixel validation" classname="testim.io.test" time="13.801" ownedBy="Uri Dromy" ownerEmail="uri@testim.io">
      <system-out>https://app.testim.io/#/project/Testim_30d7f51f-0313-36a3-5ade-409933907fe8/branch/master/test/1390ee857c53b-2145-5fe9-f545-5c08feea9ddd?result-id=mZhlQ6pvKpDMrAWC</system-out>
    </testcase>
    <testcase name="Coverage 103 - Shadow DOM - Nesting" classname="testim.io.test" time="14.468" ownedBy="Moshe Atlow" ownerEmail="moshe@testim.io">
      <system-out>https://app.testim.io/#/project/Testim_30d7f51f-0313-36a3-5ade-409933907fe8/branch/master/test/1390eXtHtOG45tR?result-id=otoWyIfc4NddULVp</system-out>
    </testcase>
    <testcase name="Coverage 116 - hover with iframes" classname="testim.io.test" time="11.503" ownedBy="Nitzan Uziely" ownerEmail="nitzan@testim.io">
      <system-out>https://app.testim.io/#/project/Testim_30d7f51f-0313-36a3-5ade-409933907fe8/branch/master/test/1390enOL7Xx1BRv?result-id=iCZN97kdVQHCW83V</system-out>
    </testcase>
    <testcase name="Coverage 61 - email validation" classname="testim.io.test" time="16.262" ownedBy="Ron Korland" ownerEmail="ron@testim.io">
      <system-out>https://app.testim.io/#/project/Testim_30d7f51f-0313-36a3-5ade-409933907fe8/branch/master/test/1390eo19fCQouwv?result-id=3mUsq7aUw5of0MGZ</system-out>
    </testcase>
    <testcase name="Element not visible - score threshold" classname="testim.io.test" time="10.271" ownedBy="Ron Korland" ownerEmail="ron@testim.io">
      <system-out>https://app.testim.io/#/project/Testim_30d7f51f-0313-36a3-5ade-409933907fe8/branch/master/test/1390emqjZeoZ81p?result-id=dzt3bTaYYTENj3oE</system-out>
    </testcase>
    <testcase name="Element and element text conditions run in the element's tab" classname="testim.io.test" time="9.811" ownedBy="Nitzan Uziely" ownerEmail="nitzan@testim.io">
      <system-out>https://app.testim.io/#/project/Testim_30d7f51f-0313-36a3-5ade-409933907fe8/branch/master/test/1390eXdw4u2H1uD?result-id=XNcre1TPolTDUKhZ</system-out>
    </testcase>
    <testcase name="filename with hash sign" classname="testim.io.test" time="11.778" ownedBy="Elad Katz" ownerEmail="elad@testim.io">
      <system-out>https://app.testim.io/#/project/Testim_30d7f51f-0313-36a3-5ade-409933907fe8/branch/master/test/1390eTxAdiOofIG?result-id=uoxSUiO2zoZNJ7dw</system-out>
    </testcase>
    <testcase name="Extract And Element Text Conditions work" classname="testim.io.test" time="11.801" ownedBy="Nitzan Uziely" ownerEmail="nitzan@testim.io">
      <system-out>https://app.testim.io/#/project/Testim_30d7f51f-0313-36a3-5ade-409933907fe8/branch/master/test/1390eZ9CMkpdthL?result-id=oYPwldlJO2oCB0IO</system-out>
    </testcase>
    <testcase name="element pixel validation" classname="testim.io.test" time="13.322" ownedBy="Ron Korland" ownerEmail="ron@testim.io">
      <system-out>https://app.testim.io/#/project/Testim_30d7f51f-0313-36a3-5ade-409933907fe8/branch/master/test/1390e2c41eea0-1d3c-3d8d-5208-810168f04ae7?result-id=UU7aV0V3MwTm4JIF</system-out>
    </testcase>
    <testcase name="double-click" classname="testim.io.test" time="13.288">
      <system-out>https://app.testim.io/#/project/Testim_30d7f51f-0313-36a3-5ade-409933907fe8/branch/master/test/1390ef6e634c5-ce93-03ae-6199-c6c147c77830?result-id=ThFCLom1PY8Qp6Kq</system-out>
    </testcase>
    <testcase name="export value in code step" classname="testim.io.test" time="13.012" ownedBy="Uri Dromy" ownerEmail="uri@testim.io">
      <system-out>https://app.testim.io/#/project/Testim_30d7f51f-0313-36a3-5ade-409933907fe8/branch/master/test/1390e9cb8e55a-53c9-3577-9a2f-28e7e7ade596?result-id=s9BDQYlooEioN33O</system-out>
    </testcase>
    <testcase name="element pixel validation" classname="testim.io.test" time="22.072" ownedBy="Uri Dromy" ownerEmail="uri@testim.io">
      <system-out>https://app.testim.io/#/project/Testim_30d7f51f-0313-36a3-5ade-409933907fe8/branch/master/test/1390e6f962402-238f-6b5a-c674-1b6039d938c6?result-id=tzHj7rOOjXn1WSmc</system-out>
    </testcase>
    <testcase name="Extract Text Mode Tests" classname="testim.io.test" time="19.074" ownedBy="Nitzan Uziely" ownerEmail="nitzan@testim.io">
      <system-out>https://app.testim.io/#/project/Testim_30d7f51f-0313-36a3-5ade-409933907fe8/branch/master/test/1390ehL5uLEuirN?result-id=t0C5I9N6JvdgM5yw</system-out>
    </testcase>
    <testcase name="CLI action packages with multiple export support" classname="testim.io.test" time="41.752" ownedBy="Roy Segall" ownerEmail="r.segall@tricentis.com">
      <system-out>https://app.testim.io/#/project/Testim_30d7f51f-0313-36a3-5ade-409933907fe8/branch/master/test/VWWTHpBS3nGMkoO0?result-id=pDNo9DgYmneinF9x</system-out>
    </testcase>
    <testcase name="form submit" classname="testim.io.test" time="13.857" ownedBy="Gil Ochayon" ownerEmail="gil@testim.io">
      <system-out>https://app.testim.io/#/project/Testim_30d7f51f-0313-36a3-5ade-409933907fe8/branch/master/test/1390e830a7714-a4d3-eba6-6607-cbf8c2872063?result-id=x9efulAIBeHHvbI4</system-out>
    </testcase>
    <testcase name="Dynamic scroll" classname="testim.io.test" time="27.249" ownedBy="Moshe Atlow" ownerEmail="moshe@testim.io">
      <system-out>https://app.testim.io/#/project/Testim_30d7f51f-0313-36a3-5ade-409933907fe8/branch/master/test/JzNIuP2YRsK2W5Wb?result-id=ZwT0ZLyprnoIPr7w</system-out>
    </testcase>
    <testcase name="force visibility on click" classname="testim.io.test" time="13.817">
      <system-out>https://app.testim.io/#/project/Testim_30d7f51f-0313-36a3-5ade-409933907fe8/branch/master/test/1390e36ca284a-dade-967e-5723-e6daae73a94c?result-id=YSUsRB3iwrzDmucB</system-out>
    </testcase>
    <testcase name="HTML outside of body tag" classname="testim.io.test" time="5.648" ownedBy="Benjamin Gruenbaum" ownerEmail="benji@testim.io">
      <system-out>https://app.testim.io/#/project/Testim_30d7f51f-0313-36a3-5ade-409933907fe8/branch/master/test/1390eLo0IKvNqvx?result-id=Catb3EIGKt5EWBFB</system-out>
    </testcase>
    <testcase name="group context with open new tab" classname="testim.io.test" time="9.702" ownedBy="Ron Korland" ownerEmail="ron@testim.io">
      <system-out>https://app.testim.io/#/project/Testim_30d7f51f-0313-36a3-5ade-409933907fe8/branch/master/test/1390ej96UcVA7bl?result-id=afTz4DPiPUdJSPUE</system-out>
    </testcase>
    <testcase name="full conditions test" classname="testim.io.test" time="14.519" ownedBy="Ilan Tchernowitz" ownerEmail="ilan@testim.io">
      <system-out>https://app.testim.io/#/project/Testim_30d7f51f-0313-36a3-5ade-409933907fe8/branch/master/test/1390ed3f58dd3-2ad8-58fd-93ea-35419abe8be2?result-id=DQEPqIkngStNbXcb</system-out>
    </testcase>
    <testcase name="knockout page" classname="testim.io.test" time="7.977">
      <system-out>https://app.testim.io/#/project/Testim_30d7f51f-0313-36a3-5ade-409933907fe8/branch/master/test/1390efd5f44c9-b1d3-7def-b843-bf2ba9edb8aa?result-id=SV7WOE5ClBrt1GQz</system-out>
    </testcase>
    <testcase name="form with tagname input" classname="testim.io.test" time="9.364" ownedBy="Nitzan Uziely" ownerEmail="nitzan@testim.io">
      <system-out>https://app.testim.io/#/project/Testim_30d7f51f-0313-36a3-5ade-409933907fe8/branch/master/test/1390eWqnUXAMEjX?result-id=Hjy7Iu8wHG16B9HE</system-out>
    </testcase>
    <testcase name="full conditions test" classname="testim.io.test" time="12.915" ownedBy="Ilan Tchernowitz" ownerEmail="ilan@testim.io">
      <system-out>https://app.testim.io/#/project/Testim_30d7f51f-0313-36a3-5ade-409933907fe8/branch/master/test/1390e061a6d59-fcf4-623b-d43f-8f33a454571e?result-id=xr14tWSwg9bpQDx6</system-out>
    </testcase>
    <testcase name="group playback" classname="testim.io.test" time="8.282" ownedBy="Ilan Tchernowitz" ownerEmail="ilan@testim.io">
      <system-out>https://app.testim.io/#/project/Testim_30d7f51f-0313-36a3-5ade-409933907fe8/branch/master/test/1390e61f66188-2ffd-faa1-900b-d4003e6b7c94?result-id=AvljNjJZobgDktAM</system-out>
    </testcase>
    <testcase name="group playback" classname="testim.io.test" time="15.948">
      <system-out>https://app.testim.io/#/project/Testim_30d7f51f-0313-36a3-5ade-409933907fe8/branch/master/test/1390e53c627fd-73c2-d45c-8760-a5ac5d2697e8?result-id=pNKr4mz9FHM1cBxr</system-out>
    </testcase>
    <testcase name="late arriving frame" classname="testim.io.test" time="8.401" ownedBy="Uri Dromy" ownerEmail="uri@testim.io">
      <system-out>https://app.testim.io/#/project/Testim_30d7f51f-0313-36a3-5ade-409933907fe8/branch/master/test/1390e8d087425-0ac1-b70c-3cb1-fa948b9196c0?result-id=JU8vpLXbYa5wGfws</system-out>
    </testcase>
    <testcase name="hover dispatching in real XY position" classname="testim.io.test" time="10.831" ownedBy="Elad Katz" ownerEmail="elad@testim.io">
      <system-out>https://app.testim.io/#/project/Testim_30d7f51f-0313-36a3-5ade-409933907fe8/branch/master/test/1390enLhCmkoGTO?result-id=LLpUUVf48joaFuKK</system-out>
    </testcase>
    <testcase name="input-file-hidden-element" classname="testim.io.test" time="15.575" ownedBy="Itay Maman" ownerEmail="itay@testim.io">
      <system-out>https://app.testim.io/#/project/Testim_30d7f51f-0313-36a3-5ade-409933907fe8/branch/master/test/1390eIP9ClCS3Wm?result-id=Dl7hkSr7mdj8a5Ck</system-out>
    </testcase>
    <testcase name="form submit clicks correct submit button" classname="testim.io.test" time="15.586" ownedBy="Nitzan Uziely" ownerEmail="nitzan@testim.io">
      <system-out>https://app.testim.io/#/project/Testim_30d7f51f-0313-36a3-5ade-409933907fe8/branch/master/test/1390eO5FpKEp4us?result-id=0XhtUCnr9DfAv7Of</system-out>
    </testcase>
    <testcase name="native set text delayed" classname="testim.io.test" time="7.917" ownedBy="Nitzan Uziely" ownerEmail="nitzan@testim.io">
      <system-out>https://app.testim.io/#/project/Testim_30d7f51f-0313-36a3-5ade-409933907fe8/branch/master/test/1390e9jRIsc60FD?result-id=cE2y985s5K5ckf5D</system-out>
    </testcase>
    <testcase name="general export/import parameter testing" classname="testim.io.test" time="34.806" ownedBy="Nitzan Uziely" ownerEmail="nitzan@testim.io">
      <system-out>https://app.testim.io/#/project/Testim_30d7f51f-0313-36a3-5ade-409933907fe8/branch/master/test/1390ejLh96QM3s4?result-id=AE8A92IWCewj6dD8</system-out>
    </testcase>
    <testcase name="Mutli-Tab Network Code Validation" classname="testim.io.test" time="12.241" ownedBy="Nitzan Uziely" ownerEmail="nitzan@testim.io">
      <system-out>https://app.testim.io/#/project/Testim_30d7f51f-0313-36a3-5ade-409933907fe8/branch/master/test/1390eBVXV2gZ7hy?result-id=JjfgU3EpE7396KYm</system-out>
    </testcase>
    <testcase name="Locate an element cloned into iframe" classname="testim.io.test" time="10.382" ownedBy="Moshe Atlow" ownerEmail="moshe@testim.io">
      <system-out>https://app.testim.io/#/project/Testim_30d7f51f-0313-36a3-5ade-409933907fe8/branch/master/test/uLpPEBGQkYjZJ2vl?result-id=gixuUNuV7A1G5HCk</system-out>
    </testcase>
    <testcase name="nested groups" classname="testim.io.test" time="10.03" ownedBy="Gil Ochayon" ownerEmail="gil@testim.io">
      <system-out>https://app.testim.io/#/project/Testim_30d7f51f-0313-36a3-5ade-409933907fe8/branch/master/test/1390e6a86f667-dfbb-dbbf-1cc3-8bf000c8e679?result-id=iiWffoFXeoflR4K8</system-out>
    </testcase>
    <testcase name="Network validation - XHR &amp; Fetch, req&amp;res body validation" classname="testim.io.test" time="14.496" ownedBy="Omri Luzon" ownerEmail="o.luzon@tricentis.com">
      <system-out>https://app.testim.io/#/project/Testim_30d7f51f-0313-36a3-5ade-409933907fe8/branch/master/test/aX6biwx155p0u9iv?result-id=peyH43iDmj0TFzOO</system-out>
    </testcase>
    <testcase name="multiple file upload" classname="testim.io.test" time="17.473" ownedBy="Nitzan Uziely" ownerEmail="nitzan@testim.io">
      <system-out>https://app.testim.io/#/project/Testim_30d7f51f-0313-36a3-5ade-409933907fe8/branch/master/test/1390eGBuLOxwP1X?result-id=MY6hrC5e13mg5BZM</system-out>
    </testcase>
    <testcase name="nested loops and conditions" classname="testim.io.test" time="18.314" ownedBy="Moshe Atlow" ownerEmail="moshe@testim.io">
      <system-out>https://app.testim.io/#/project/Testim_30d7f51f-0313-36a3-5ade-409933907fe8/branch/master/test/94W1gqonvmniHsEC?result-id=o1UydjseFdZlpfhZ</system-out>
    </testcase>
    <testcase name="old js with element" classname="testim.io.test" time="6.686" ownedBy="Ilan Tchernowitz" ownerEmail="ilan@testim.io">
      <system-out>https://app.testim.io/#/project/Testim_30d7f51f-0313-36a3-5ade-409933907fe8/branch/master/test/1390eUsnVehLyWF?result-id=HGFzhRRTG6o3QKST</system-out>
    </testcase>
    <testcase name="keyboard actions record and playback" classname="testim.io.test" time="13.082" ownedBy="Ido Viron" ownerEmail="ido@testim.io">
      <system-out>https://app.testim.io/#/project/Testim_30d7f51f-0313-36a3-5ade-409933907fe8/branch/master/test/1390e9aXtSvbYpH?result-id=uV7GJfEjSnHZaUVp</system-out>
    </testcase>
    <testcase name="mutation observer test" classname="testim.io.test" time="16.637" ownedBy="Nitzan Uziely" ownerEmail="nitzan@testim.io">
      <system-out>https://app.testim.io/#/project/Testim_30d7f51f-0313-36a3-5ade-409933907fe8/branch/master/test/zReLDrkkToK2fqOI?result-id=t09uS3BsZweMpWAj</system-out>
    </testcase>
    <testcase name="Negative element visibility inside iframes" classname="testim.io.test" time="16.54" ownedBy="Omri Luzon" ownerEmail="o.luzon@tricentis.com">
      <system-out>https://app.testim.io/#/project/Testim_30d7f51f-0313-36a3-5ade-409933907fe8/branch/master/test/LPQPoYvCQzWHy8eV?result-id=ajfLavd8nYvtUYTt</system-out>
    </testcase>
    <testcase name="new text-selector" classname="testim.io.test" time="21.965" ownedBy="Uri Dromy" ownerEmail="uri@testim.io">
      <system-out>https://app.testim.io/#/project/Testim_30d7f51f-0313-36a3-5ade-409933907fe8/branch/master/test/1390e4da2b8c0-f7db-94ed-1006-af8d00fe1170?result-id=GVVGnk7Qhykbal0t</system-out>
    </testcase>
    <testcase name="parameter scope group testing" classname="testim.io.test" time="10.891" ownedBy="Nitzan Uziely" ownerEmail="nitzan@testim.io">
      <system-out>https://app.testim.io/#/project/Testim_30d7f51f-0313-36a3-5ade-409933907fe8/branch/master/test/1390eiIguOE7zFH?result-id=TjJIJhJ7K813vYJ9</system-out>
    </testcase>
    <testcase name="Page with overriden querySelector" classname="testim.io.test" time="4.593" ownedBy="Ilan Tchernowitz" ownerEmail="ilan@testim.io">
      <system-out>https://app.testim.io/#/project/Testim_30d7f51f-0313-36a3-5ade-409933907fe8/branch/master/test/1390ekotBxbRl94?result-id=BYFeHhXGwH6Z7YhM</system-out>
    </testcase>
    <testcase name="playback in page with js iframe" classname="testim.io.test" time="5.213" ownedBy="Ilan Tchernowitz" ownerEmail="ilan@testim.io">
      <system-out>https://app.testim.io/#/project/Testim_30d7f51f-0313-36a3-5ade-409933907fe8/branch/master/test/1390eVSMlq9VIcP?result-id=MJUaP6J7u3OP9YRg</system-out>
    </testcase>
    <testcase name="parameter scoping" classname="testim.io.test" time="8.046" ownedBy="Uri Dromy" ownerEmail="uri@testim.io">
      <system-out>https://app.testim.io/#/project/Testim_30d7f51f-0313-36a3-5ade-409933907fe8/branch/master/test/1390ef5765c96-4456-e4f4-5011-ca59504a545f?result-id=QlqsA4JQkg9EJrEe</system-out>
    </testcase>
    <testcase name="page scroll" classname="testim.io.test" time="16.755" ownedBy="Uri Dromy" ownerEmail="uri@testim.io">
      <system-out>https://app.testim.io/#/project/Testim_30d7f51f-0313-36a3-5ade-409933907fe8/branch/master/test/1390e924f8f9c-8548-1c72-89a7-d79585e41b47?result-id=ws7byhkJQ9VDcAga</system-out>
    </testcase>
    <testcase name="parameter scoping" classname="testim.io.test" time="6.782" ownedBy="Ilan Tchernowitz" ownerEmail="ilan@testim.io">
      <system-out>https://app.testim.io/#/project/Testim_30d7f51f-0313-36a3-5ade-409933907fe8/branch/master/test/1390ef2da1b38-2fcf-45a0-5392-1b0392882044?result-id=sg8YIKBe2fiKmrzB</system-out>
    </testcase>
    <testcase name="pixel validation" classname="testim.io.test" time="9.967" ownedBy="Ilan Tchernowitz" ownerEmail="ilan@testim.io">
      <system-out>https://app.testim.io/#/project/Testim_30d7f51f-0313-36a3-5ade-409933907fe8/branch/master/test/1390efe181f0b-ffcf-d169-f429-e2d8f7da2cb8?result-id=CtVYAsZAHZFbhxQG</system-out>
    </testcase>
    <testcase name="overflow scroll" classname="testim.io.test" time="14.794" ownedBy="Uri Dromy" ownerEmail="uri@testim.io">
      <system-out>https://app.testim.io/#/project/Testim_30d7f51f-0313-36a3-5ade-409933907fe8/branch/master/test/1390e5c22021d-efcf-a586-058d-1e20b3477acb?result-id=UcjQFbKMOeM87if7</system-out>
    </testcase>
    <testcase name="Safari test, base url with space" classname="testim.io.test" time="5.619" ownedBy="Nitzan Uziely" ownerEmail="nitzan@testim.io">
      <system-out>https://app.testim.io/#/project/Testim_30d7f51f-0313-36a3-5ade-409933907fe8/branch/master/test/1390eKd9ngFm9Gt?result-id=HoMGDvufEvwbO5yh</system-out>
    </testcase>
    <testcase name="promise in code step" classname="testim.io.test" time="16.273">
      <system-out>https://app.testim.io/#/project/Testim_30d7f51f-0313-36a3-5ade-409933907fe8/branch/master/test/1390eb5025d1f-af1e-8c82-1c09-a886154a9029?result-id=0wRywOYvVCYXP7RB</system-out>
    </testcase>
    <testcase name="popup playback v2" classname="testim.io.test" time="7.319" ownedBy="Ilan Tchernowitz" ownerEmail="ilan@testim.io">
      <system-out>https://app.testim.io/#/project/Testim_30d7f51f-0313-36a3-5ade-409933907fe8/branch/master/test/1390e13984a01-1832-c4e3-5d92-1cbf74d6ea74?result-id=mw6bGutUXjIsnTaJ</system-out>
    </testcase>
    <testcase name="react todo 2" classname="testim.io.test" time="6.683" ownedBy="Gil Ochayon" ownerEmail="gil@testim.io">
      <system-out>https://app.testim.io/#/project/Testim_30d7f51f-0313-36a3-5ade-409933907fe8/branch/master/test/1390e443ac2ab-8419-7ce4-fd93-76943166cb15?result-id=UhFXmwtNGHayL84F</system-out>
    </testcase>
    <testcase name="retry element finding after failure" classname="testim.io.test" time="14.512" ownedBy="Ilan Tchernowitz" ownerEmail="ilan@testim.io">
      <system-out>https://app.testim.io/#/project/Testim_30d7f51f-0313-36a3-5ade-409933907fe8/branch/master/test/1390e2ed8a8e4-d69a-8b5d-d3db-ad000be6aaa2?result-id=99lNeRU1e1shJSX1</system-out>
    </testcase>
    <testcase name="react select with multiple renders" classname="testim.io.test" time="7.821" ownedBy="Moshe Atlow" ownerEmail="moshe@testim.io">
      <system-out>https://app.testim.io/#/project/Testim_30d7f51f-0313-36a3-5ade-409933907fe8/branch/master/test/1390ei67jKuTC5G?result-id=yl2vJFkN4JjsQC1p</system-out>
    </testcase>
    <testcase name="Scroll on page with CSS &quot;scroll-behavior: smooth;&quot;" classname="testim.io.test" time="9.982" ownedBy="Omri Luzon" ownerEmail="o.luzon@tricentis.com">
      <system-out>https://app.testim.io/#/project/Testim_30d7f51f-0313-36a3-5ade-409933907fe8/branch/master/test/sPJpVZVi2J9zVhRT?result-id=mTluDhSWiLADNhiK</system-out>
    </testcase>
    <testcase name="page with csp" classname="testim.io.test" time="13.766" ownedBy="Nitzan Uziely" ownerEmail="nitzan@testim.io">
      <system-out>https://app.testim.io/#/project/Testim_30d7f51f-0313-36a3-5ade-409933907fe8/branch/master/test/hMvjRRldaibazzE2?result-id=SmPKNS2ij9syf5Jr</system-out>
    </testcase>
    <testcase name="read values in code step" classname="testim.io.test" time="11.17">
      <system-out>https://app.testim.io/#/project/Testim_30d7f51f-0313-36a3-5ade-409933907fe8/branch/master/test/1390eac1a323d-738f-cf44-c702-47e19f6ea90a?result-id=W3bRdNuaaXF9wwUP</system-out>
    </testcase>
    <testcase name="retry element finding after failure" classname="testim.io.test" time="14.575">
      <system-out>https://app.testim.io/#/project/Testim_30d7f51f-0313-36a3-5ade-409933907fe8/branch/master/test/1390e5442c21d-7594-53b4-25b7-a98458382456?result-id=nEUfXNdG2QQ1zzj9</system-out>
    </testcase>
    <testcase name="scroll to element" classname="testim.io.test" time="14.417">
      <system-out>https://app.testim.io/#/project/Testim_30d7f51f-0313-36a3-5ade-409933907fe8/branch/master/test/1390eKcaxYdQK7b?result-id=Ye7oqXTSgoGmDo6E</system-out>
    </testcase>
    <testcase name="set non string expression" classname="testim.io.test" time="5.192" ownedBy="Ilan Tchernowitz" ownerEmail="ilan@testim.io">
      <system-out>https://app.testim.io/#/project/Testim_30d7f51f-0313-36a3-5ade-409933907fe8/branch/master/test/1390e049f2b53-426c-8c71-b890-75d187ba35a6?result-id=kusm1nPrnIu8fjZi</system-out>
    </testcase>
    <testcase name="right click" classname="testim.io.test" time="11.13" ownedBy="Ilan Tchernowitz" ownerEmail="ilan@testim.io">
      <system-out>https://app.testim.io/#/project/Testim_30d7f51f-0313-36a3-5ade-409933907fe8/branch/master/test/1390ePd3EgpncmD?result-id=eyFT2Qte1EuDKB7x</system-out>
    </testcase>
    <testcase name="set empty text" classname="testim.io.test" time="15.611" ownedBy="Ran Cohen" ownerEmail="ran@testim.io">
      <system-out>https://app.testim.io/#/project/Testim_30d7f51f-0313-36a3-5ade-409933907fe8/branch/master/test/1390eCoSnMRT7tt?result-id=EyQxZnSI17U0Wvfh</system-out>
    </testcase>
    <testcase name="TES-12007 - Force context for main tab" classname="testim.io.test" time="6.742" ownedBy="Omri Luzon" ownerEmail="o.luzon@tricentis.com">
      <system-out>https://app.testim.io/#/project/Testim_30d7f51f-0313-36a3-5ade-409933907fe8/branch/master/test/bnEbkO4KaNIjqDAH?result-id=mcLRBJY3Tm1KCRHC</system-out>
    </testcase>
    <testcase name="slow redirect multi tab bug" classname="testim.io.test" time="12.608" ownedBy="Nitzan Uziely" ownerEmail="nitzan@testim.io">
      <system-out>https://app.testim.io/#/project/Testim_30d7f51f-0313-36a3-5ade-409933907fe8/branch/master/test/1390eDt61G55mdj?result-id=60QMPedtIl1kh8iL</system-out>
    </testcase>
    <testcase name="simple D&amp;D" classname="testim.io.test" time="11.887" ownedBy="Gil Ochayon" ownerEmail="gil@testim.io">
      <system-out>https://app.testim.io/#/project/Testim_30d7f51f-0313-36a3-5ade-409933907fe8/branch/master/test/1390ea74e4f56-c8fb-13ad-f9a1-4e97538f1711?result-id=Z6pBb86yOFxbvU8l</system-out>
    </testcase>
    <testcase name="svg double click" classname="testim.io.test" time="11.577" ownedBy="Ilan Tchernowitz" ownerEmail="ilan@testim.io">
      <system-out>https://app.testim.io/#/project/Testim_30d7f51f-0313-36a3-5ade-409933907fe8/branch/master/test/1390eaeed4161-3cb7-d0b3-d3d7-b0ee9e55da81?result-id=cOseZbB1zTwkmdx9</system-out>
    </testcase>
    <testcase name="Test with changed param name" classname="testim.io.test" time="8.722" ownedBy="Ran Cohen" ownerEmail="ran@testim.io">
      <system-out>https://app.testim.io/#/project/Testim_30d7f51f-0313-36a3-5ade-409933907fe8/branch/master/test/1390ecJz63hHbw5?result-id=XBBjlzljsxH76MoY</system-out>
    </testcase>
    <testcase name="Test react select scrolls and dropdowns" classname="testim.io.test" time="9.591" ownedBy="Ilan Tchernowitz" ownerEmail="ilan@testim.io">
      <system-out>https://app.testim.io/#/project/Testim_30d7f51f-0313-36a3-5ade-409933907fe8/branch/master/test/1390e99d0e83d-b2c4-3388-59cf-3b8b7e212572?result-id=7bvx5Um8GNZJbhpR</system-out>
    </testcase>
    <testcase name="Slider long drag - 100+ events" classname="testim.io.test" time="17.71" ownedBy="Daniel Gold" ownerEmail="daniel@testim.io">
      <system-out>https://app.testim.io/#/project/Testim_30d7f51f-0313-36a3-5ade-409933907fe8/branch/master/test/E9tahRcSDYabgpxw?result-id=pJh9CzJAXGg9uyW7</system-out>
    </testcase>
    <testcase name="Scroll to element - scroll-behavior: smooth" classname="testim.io.test" time="9.962" ownedBy="Moshe Atlow" ownerEmail="moshe@testim.io">
      <system-out>https://app.testim.io/#/project/Testim_30d7f51f-0313-36a3-5ade-409933907fe8/branch/master/test/1390ezLmL0h5ENS?result-id=OE5X0KgAB9bpWDZM</system-out>
    </testcase>
    <testcase name="TES-8143 - Debugger disconnects on downloads in new window" classname="testim.io.test" time="17.337" ownedBy="Omri Luzon" ownerEmail="o.luzon@tricentis.com">
      <system-out>https://app.testim.io/#/project/Testim_30d7f51f-0313-36a3-5ade-409933907fe8/branch/master/test/sBNEQflgv0ygTEZt?result-id=PAa9iAicCq1Zmec6</system-out>
    </testcase>
    <testcase name="TES-9068 - Group iterations with DOM mutations during iterations" classname="testim.io.test" time="16.925" ownedBy="Omri Luzon" ownerEmail="o.luzon@tricentis.com">
      <system-out>https://app.testim.io/#/project/Testim_30d7f51f-0313-36a3-5ade-409933907fe8/branch/master/test/lVKpCA4R6lJLJOmy?result-id=YZ52kOIvD3BnzZRr</system-out>
    </testcase>
    <testcase name="text validation on complex element with script" classname="testim.io.test" time="4.417">
      <system-out>https://app.testim.io/#/project/Testim_30d7f51f-0313-36a3-5ade-409933907fe8/branch/master/test/1390e240e5556-38df-814c-664d-26a8a8559d28?result-id=un4zalWtwx81JQH2</system-out>
    </testcase>
    <testcase name="text selector leaf/input bug" classname="testim.io.test" time="5.127" ownedBy="Nitzan Uziely" ownerEmail="nitzan@testim.io">
      <system-out>https://app.testim.io/#/project/Testim_30d7f51f-0313-36a3-5ade-409933907fe8/branch/master/test/1390e591MGM4aMW?result-id=nERKfEpkfxFs2lgK</system-out>
    </testcase>
    <testcase name="Interacting with content inside sandboxed iframe (&lt;iframe sandbox>)" classname="testim.io.test" time="15.243" ownedBy="Nitzan Uziely" ownerEmail="nitzan@testim.io">
      <system-out>https://app.testim.io/#/project/Testim_30d7f51f-0313-36a3-5ade-409933907fe8/branch/master/test/1390ec2IichdwVN?result-id=6dxoGFohq7T7UBPz</system-out>
      <failure message="Step Failed: Timeout while running action More info at: https://app.testim.io/#/project/Testim_30d7f51f-0313-36a3-5ade-409933907fe8/branch/master/test/1390ec2IichdwVN?result-id=6dxoGFohq7T7UBPz"/>
    </testcase>
    <testcase name="text validation on content editable" classname="testim.io.test" time="6.904">
      <system-out>https://app.testim.io/#/project/Testim_30d7f51f-0313-36a3-5ade-409933907fe8/branch/master/test/1390e123971bf-1f15-3851-615b-c6980018d0f3?result-id=kqbLYdBpBlnUljpg</system-out>
    </testcase>
    <testcase name="text validation on input" classname="testim.io.test" time="5.264">
      <system-out>https://app.testim.io/#/project/Testim_30d7f51f-0313-36a3-5ade-409933907fe8/branch/master/test/1390eb2206301-016f-12ef-7d17-0f17e84c9cce?result-id=aNzMsYpzQIu7lynl</system-out>
    </testcase>
    <testcase name="text validation on simple element" classname="testim.io.test" time="4.39">
      <system-out>https://app.testim.io/#/project/Testim_30d7f51f-0313-36a3-5ade-409933907fe8/branch/master/test/1390ec5bafd23-8d6f-6556-35dd-aed7f9333603?result-id=KKXYRPXTQXGD73rF</system-out>
    </testcase>
    <testcase name="text validation on complex element" classname="testim.io.test" time="7.242">
      <system-out>https://app.testim.io/#/project/Testim_30d7f51f-0313-36a3-5ade-409933907fe8/branch/master/test/1390ed0cb53b2-dbed-64dc-bb09-ef9d16ea1678?result-id=dyjc8uUHn2Y7wqlf</system-out>
    </testcase>
    <testcase name="update regex text selector" classname="testim.io.test" time="4.99" ownedBy="Ilan Tchernowitz" ownerEmail="ilan@testim.io">
      <system-out>https://app.testim.io/#/project/Testim_30d7f51f-0313-36a3-5ade-409933907fe8/branch/master/test/1390e7646c24d-9d47-a9d3-6aba-8ead45b0fe4b?result-id=Dr0AOhgN5HEhsB7c</system-out>
    </testcase>
    <testcase name="test with unassigned params" classname="testim.io.test" time="8.63" ownedBy="Ilan Tchernowitz" ownerEmail="ilan@testim.io">
      <system-out>https://app.testim.io/#/project/Testim_30d7f51f-0313-36a3-5ade-409933907fe8/branch/master/test/1390e5NpVT9Ffa7?result-id=MV9pGjYaadqcxRiw</system-out>
    </testcase>
    <testcase name="TES-12506: Element with frames is found when in context" classname="testim.io.test" time="16.72" ownedBy="Yitzhak Bar Shay" ownerEmail="yitzhak@testim.io">
      <system-out>https://app.testim.io/#/project/Testim_30d7f51f-0313-36a3-5ade-409933907fe8/branch/master/test/XYfoAzN6RGS2zmpB?result-id=FaOOlIreKzzshil8</system-out>
    </testcase>
    <testcase name="The Internet - Drop file and Input file" classname="testim.io.test" time="7.975" ownedBy="Ron Korland" ownerEmail="ron@testim.io">
      <system-out>https://app.testim.io/#/project/Testim_30d7f51f-0313-36a3-5ade-409933907fe8/branch/master/test/1390e7df522bf-5159-8fb5-c254-3165f6e6b951?result-id=5lFqyJAEBozhCSL1</system-out>
    </testcase>
    <testcase name="Validate backup storage is working" classname="testim.io.test" time="5.531" ownedBy="Bar Spielberg" ownerEmail="bar@testim.io">
      <system-out>https://app.testim.io/#/project/Testim_30d7f51f-0313-36a3-5ade-409933907fe8/branch/master/test/4HXj4i5hsEU1tyBC?result-id=UonPQP0BAZ0kDIAn</system-out>
    </testcase>
    <testcase name="update regex text selector" classname="testim.io.test" time="7.942" ownedBy="Ilan Tchernowitz" ownerEmail="ilan@testim.io">
      <system-out>https://app.testim.io/#/project/Testim_30d7f51f-0313-36a3-5ade-409933907fe8/branch/master/test/1390ebf92409b-636b-7bb8-8160-e5c01fecd57b?result-id=3Il41GJ89MeE5BiO</system-out>
    </testcase>
    <testcase name="Validate click is performed in jsbin with window.event" classname="testim.io.test" time="4.579" ownedBy="Daniel Gold" ownerEmail="daniel@testim.io">
      <system-out>https://app.testim.io/#/project/Testim_30d7f51f-0313-36a3-5ade-409933907fe8/branch/master/test/1390eBgQpXgWroD?result-id=fILjgAN534DhuxAq</system-out>
    </testcase>
    <testcase name="useRecordedMousedown enables overriding the default time between events in a drag step" classname="testim.io.test" time="7.44" ownedBy="Omri Lavi" ownerEmail="omri@testim.io">
      <system-out>https://app.testim.io/#/project/Testim_30d7f51f-0313-36a3-5ade-409933907fe8/branch/master/test/2Oro1uhGH457HzXO?result-id=L2zdCfgh57b97dmy</system-out>
    </testcase>
    <testcase name="validate exports stay alive" classname="testim.io.test" time="5.732" ownedBy="Nitzan Uziely" ownerEmail="nitzan@testim.io">
      <system-out>https://app.testim.io/#/project/Testim_30d7f51f-0313-36a3-5ade-409933907fe8/branch/master/test/1390eHku543vgFe?result-id=fF5s12AfEGvH5bKr</system-out>
    </testcase>
    <testcase name="Validate conditions check for element is present in DOM" classname="testim.io.test" time="5.384" ownedBy="Daniel Gold" ownerEmail="daniel@testim.io">
      <system-out>https://app.testim.io/#/project/Testim_30d7f51f-0313-36a3-5ade-409933907fe8/branch/master/test/1390eJsfVXlnV84?result-id=X5EfQK9Epy2487KD</system-out>
    </testcase>
    <testcase name="Validate selector filter &quot;apply on existing&quot; works" classname="testim.io.test" time="4.585" ownedBy="Ilan Tchernowitz" ownerEmail="ilan@testim.io">
      <system-out>https://app.testim.io/#/project/Testim_30d7f51f-0313-36a3-5ade-409933907fe8/branch/master/test/1390e89aPJCJUyD?result-id=rJtc1OauMUMIRCP8</system-out>
    </testcase>
    <testcase name="validate set text with param" classname="testim.io.test" time="8.316" ownedBy="Ilan Tchernowitz" ownerEmail="ilan@testim.io">
      <system-out>https://app.testim.io/#/project/Testim_30d7f51f-0313-36a3-5ade-409933907fe8/branch/master/test/1390ejTOrnNRkBf?result-id=FwB1F9BAwwRaltuS</system-out>
    </testcase>
    <testcase name="Verify hooks _stepData and _stepInternalData" classname="testim.io.test" time="4.807" ownedBy="Ran Cohen" ownerEmail="ran@testim.io">
      <system-out>https://app.testim.io/#/project/Testim_30d7f51f-0313-36a3-5ade-409933907fe8/branch/master/test/1390eadDdeABFm1?result-id=4iCMbsvUVdzIuuE4</system-out>
    </testcase>
    <testcase name="validate text input elements" classname="testim.io.test" time="11.804">
      <system-out>https://app.testim.io/#/project/Testim_30d7f51f-0313-36a3-5ade-409933907fe8/branch/master/test/1390e2530e5e5-b90f-f0f4-4dcc-e9019ebf465b?result-id=bn3MCFIPMsoLHhYi</system-out>
    </testcase>
    <testcase name="Verify hooks run all shared step types" classname="testim.io.test" time="8.065" ownedBy="Ran Cohen" ownerEmail="ran@testim.io">
      <system-out>https://app.testim.io/#/project/Testim_30d7f51f-0313-36a3-5ade-409933907fe8/branch/master/test/1390emvtGpRzZMR?result-id=lgesSAQqNwAUk0A1</system-out>
    </testcase>
    <testcase name="Verify hooks running" classname="testim.io.test" time="7.343" ownedBy="Ran Cohen" ownerEmail="ran@testim.io">
      <system-out>https://app.testim.io/#/project/Testim_30d7f51f-0313-36a3-5ade-409933907fe8/branch/master/test/1390efGD3N5OzPQ?result-id=qFGGPvhDWvCwXJNz</system-out>
    </testcase>
    <testcase name="Visibility check when testim id conflicts exists in head tag - TES-8645" classname="testim.io.test" time="7.934" ownedBy="Omri Luzon" ownerEmail="o.luzon@tricentis.com">
      <system-out>https://app.testim.io/#/project/Testim_30d7f51f-0313-36a3-5ade-409933907fe8/branch/master/test/LMAXmXYYVKHcdsG5?result-id=CXLrhBdDe3GtTnbK</system-out>
    </testcase>
    <testcase name="validate that we can play steps outside of context" classname="testim.io.test" time="7.572" ownedBy="Ilan Tchernowitz" ownerEmail="ilan@testim.io">
      <system-out>https://app.testim.io/#/project/Testim_30d7f51f-0313-36a3-5ade-409933907fe8/branch/master/test/1390ehGPFmACMkt?result-id=ipGju2RvX9OhlOKj</system-out>
    </testcase>
    <testcase name="validate that we don't blur the element that we need to focus" classname="testim.io.test" time="7.196" ownedBy="Ilan Tchernowitz" ownerEmail="ilan@testim.io">
      <system-out>https://app.testim.io/#/project/Testim_30d7f51f-0313-36a3-5ade-409933907fe8/branch/master/test/1390emEXXAbmsab?result-id=cK86EVe3FHIaOOP6</system-out>
    </testcase>
    <testcase name="verify bluebird-retry is not injected to the AUT" classname="testim.io.test" time="4.741" ownedBy="Ilan Tchernowitz" ownerEmail="ilan@testim.io">
      <system-out>https://app.testim.io/#/project/Testim_30d7f51f-0313-36a3-5ade-409933907fe8/branch/master/test/1390exk7Rroe1Aj?result-id=Z7ORUgWoGkaAv27f</system-out>
    </testcase>
    <testcase name="validate scroll to element" classname="testim.io.test" time="29.35" ownedBy="Ilan Tchernowitz" ownerEmail="ilan@testim.io">
      <system-out>https://app.testim.io/#/project/Testim_30d7f51f-0313-36a3-5ade-409933907fe8/branch/master/test/1390etmG4ViDuVj?result-id=lolbS0RLHhZDUCpC</system-out>
    </testcase>
    <testcase name="TES-11994: Index selector check" classname="testim.io.test" time="71.314" ownedBy="Yitzhak Bar Shay" ownerEmail="yitzhak@testim.io">
      <system-out>https://app.testim.io/#/project/Testim_30d7f51f-0313-36a3-5ade-409933907fe8/branch/master/test/VvYwyQL18AGoOc3v?result-id=DbgAyi6jGtrfZlL0</system-out>
    </testcase>
    <testcase name="verify injector doesn't override native code" classname="testim.io.test" time="6.756" ownedBy="Ilan Tchernowitz" ownerEmail="ilan@testim.io">
      <system-out>https://app.testim.io/#/project/Testim_30d7f51f-0313-36a3-5ade-409933907fe8/branch/master/test/1390ea3128c66-1b4b-fd40-e509-fb6c20f8701a?result-id=ukP55K2Rk6IMCTWk</system-out>
    </testcase>
    <testcase name="Validate condition functionality" classname="testim.io.test" time="74.516" ownedBy="Ran Cohen" ownerEmail="ran@testim.io">
      <system-out>https://app.testim.io/#/project/Testim_30d7f51f-0313-36a3-5ade-409933907fe8/branch/master/test/1390egxH57R8FyE?result-id=TFCNajmv87QysbhT</system-out>
    </testcase>
    <testcase name="Upload file from documentFragment" classname="testim.io.test" time="64.54" ownedBy="Omri Luzon" ownerEmail="o.luzon@tricentis.com">
      <system-out>https://app.testim.io/#/project/Testim_30d7f51f-0313-36a3-5ade-409933907fe8/branch/master/test/L04DJXZ0sztl99aV?result-id=dDwz3rfjuR5mk41L</system-out>
      <failure message="Step Failed: Element is not visible More info at: https://app.testim.io/#/project/Testim_30d7f51f-0313-36a3-5ade-409933907fe8/branch/master/test/L04DJXZ0sztl99aV?result-id=dDwz3rfjuR5mk41L"/>
    </testcase>
  </testsuite>
  <testsuite name="params test plan" tests="2" failures="0" timestamp="2024-06-27T08:43:18.232Z" skipped="0" failure-evaluating="0">
    <testcase name="Export parameters" classname="testim.io.test" time="5.179" ownedBy="Daniel Gold" ownerEmail="daniel@testim.io">
      <system-out>https://app.testim.io/#/project/Testim_30d7f51f-0313-36a3-5ade-409933907fe8/branch/master/test/1390eaiVfRLU5PN?result-id=BczcMUnlsLUyIXVD</system-out>
    </testcase>
    <testcase name="Validate test level param does not exist in scope" classname="testim.io.test" time="5.125" ownedBy="Daniel Gold" ownerEmail="daniel@testim.io">
      <system-out>https://app.testim.io/#/project/Testim_30d7f51f-0313-36a3-5ade-409933907fe8/branch/master/test/1390evfAFUPmzxX?result-id=Ax9bYCZ2W81WaE9m</system-out>
    </testcase>
  </testsuite>
  <testsuite name="test plan sanity" tests="2" failures="0" timestamp="2024-06-27T08:43:18.232Z" skipped="0" failure-evaluating="0">
    <testcase name="2. before test plan" classname="testim.io.test" time="4.942" ownedBy="Ron Korland" ownerEmail="ron@testim.io">
      <system-out>https://app.testim.io/#/project/Testim_30d7f51f-0313-36a3-5ade-409933907fe8/branch/master/test/1390evXoJnkcC6X?result-id=Qved0NGy9lvlCBDh</system-out>
    </testcase>
    <testcase name="Null value in API step payload" classname="testim.io.test" time="4.944" ownedBy="Roy Segall" ownerEmail="r.segall@tricentis.com">
      <system-out>https://app.testim.io/#/project/Testim_30d7f51f-0313-36a3-5ade-409933907fe8/branch/master/test/kI2gahcpO530IfNf?result-id=PMMOs4MO1f60lXwO</system-out>
    </testcase>
  </testsuite>
</testsuites>